#
# There is insufficient memory for the Java Runtime Environment to continue.
# Native memory allocation (malloc) failed to allocate 1563312 bytes for Chunk::new
# Possible reasons:
#   The system is out of physical RAM or swap space
#   The process is running with CompressedOops enabled, and the Java Heap may be blocking the growth of the native heap
# Possible solutions:
#   Reduce memory load on the system
#   Increase physical memory or swap space
#   Check if swap backing store is full
#   Decrease Java heap size (-Xmx/-Xms)
#   Decrease number of Java threads
#   Decrease Java thread stack sizes (-Xss)
#   Set larger code cache with -XX:ReservedCodeCacheSize=
#   JVM is running with Unscaled Compressed Oops mode in which the Java heap is
#     placed in the first 4GB address space. The Java Heap base address is the
#     maximum limit for the native heap growth. Please use -XX:HeapBaseMinAddress
#     to set the Java Heap base and to place the Java Heap above 4GB virtual address.
# This output file may be truncated or incomplete.
#
#  Out of Memory Error (allocation.cpp:389), pid=3440, tid=0x00000000000036c4
#
# JRE version: OpenJDK Runtime Environment (8.0_242-b01) (build 1.8.0_242-release-1644-b01)
# Java VM: OpenJDK 64-Bit Server VM (25.242-b01 mixed mode windows-amd64 compressed oops)
# Failed to write core dump. Minidumps are not enabled by default on client versions of Windows
#

---------------  T H R E A D  ---------------

Current thread (0x00000000194d8800):  JavaThread "C2 CompilerThread1" daemon [_thread_in_native, id=14020, stack(0x0000000019ea0000,0x0000000019fa0000)]

Stack: [0x0000000019ea0000,0x0000000019fa0000]
[error occurred during error reporting (printing stack bounds), id 0xc0000005]

Native frames: (J=compiled Java code, j=interpreted, Vv=VM code, C=native code)


Current CompileTask:
C2:   8439 4602       4       com.sun.beans.TypeResolver::resolve (37 bytes)


---------------  P R O C E S S  ---------------

Java Threads: ( => current thread )
  0x000000001f4dd800 JavaThread "Cache worker for Build Output Cleanup Cache (C:\Users\kaith\AndroidStudioProjects\Codeflow\Codeflow\.gradle\buildOutputCleanup)" [_thread_blocked, id=17472, stack(0x00000000247e0000,0x00000000248e0000)]
  0x000000001f4d7800 JavaThread "Build operations Thread 8" [_thread_blocked, id=11052, stack(0x00000000240e0000,0x00000000241e0000)]
  0x000000001f4da000 JavaThread "Build operations Thread 7" [_thread_blocked, id=896, stack(0x0000000023fe0000,0x00000000240e0000)]
  0x000000001f4d1800 JavaThread "Build operations Thread 6" [_thread_blocked, id=14280, stack(0x0000000023ee0000,0x0000000023fe0000)]
  0x000000001f4d0000 JavaThread "Build operations Thread 5" [_thread_blocked, id=19992, stack(0x0000000023de0000,0x0000000023ee0000)]
  0x000000001f4d6000 JavaThread "Build operations Thread 4" [_thread_blocked, id=19132, stack(0x0000000023ce0000,0x0000000023de0000)]
  0x000000001f4d5800 JavaThread "Build operations Thread 3" [_thread_blocked, id=16852, stack(0x0000000023be0000,0x0000000023ce0000)]
  0x000000001f4d4800 JavaThread "Build operations Thread 2" [_thread_blocked, id=4524, stack(0x0000000021e40000,0x0000000021f40000)]
  0x000000001f4d1000 JavaThread "Build operations" [_thread_blocked, id=14440, stack(0x0000000020c70000,0x0000000020d70000)]
  0x00000000194e5800 JavaThread "Cache worker for execution history cache (C:\Users\kaith\.gradle\caches\6.1.1\executionHistory)" [_thread_blocked, id=9452, stack(0x0000000020860000,0x0000000020960000)]
  0x00000000194e5000 JavaThread "Cache worker for cache directory md-rule (C:\Users\kaith\.gradle\caches\6.1.1\md-rule)" [_thread_blocked, id=6352, stack(0x0000000020760000,0x0000000020860000)]
  0x00000000194e4000 JavaThread "Cache worker for cache directory md-supplier (C:\Users\kaith\.gradle\caches\6.1.1\md-supplier)" [_thread_blocked, id=3368, stack(0x0000000020660000,0x0000000020760000)]
  0x00000000194eb000 JavaThread "Cache worker for file hash cache (C:\Users\kaith\AndroidStudioProjects\Codeflow\Codeflow\.gradle\6.1.1\fileHashes)" [_thread_blocked, id=20048, stack(0x0000000020970000,0x0000000020a70000)]
  0x00000000194ea000 JavaThread "Cache worker for checksums cache (C:\Users\kaith\AndroidStudioProjects\Codeflow\Codeflow\.gradle\checksums)" [_thread_blocked, id=20392, stack(0x0000000021d40000,0x0000000021e40000)]
  0x00000000194e9800 JavaThread "Cache worker for file hash cache (C:\Users\kaith\.gradle\caches\6.1.1\fileHashes)" [_thread_blocked, id=9836, stack(0x000000001e1c0000,0x000000001e2c0000)]
  0x00000000194e8000 JavaThread "File lock request listener" [_thread_in_native, id=15608, stack(0x000000001e0c0000,0x000000001e1c0000)]
  0x000000001c0b1000 JavaThread "Cache worker for journal cache (C:\Users\kaith\.gradle\caches\journal-1)" [_thread_blocked, id=19288, stack(0x000000001dfc0000,0x000000001e0c0000)]
  0x000000001b6d8000 JavaThread "Thread-9" [_thread_blocked, id=8076, stack(0x000000001dcc0000,0x000000001ddc0000)]
  0x000000001b6d4000 JavaThread "Stdin handler" [_thread_blocked, id=14520, stack(0x000000001dbc0000,0x000000001dcc0000)]
  0x000000001bf30000 JavaThread "Asynchronous log dispatcher for DefaultDaemonConnection: socket connection from /127.0.0.1:54260 to /127.0.0.1:54261" [_thread_blocked, id=18576, stack(0x000000001dac0000,0x000000001dbc0000)]
  0x000000001bf1a000 JavaThread "Daemon worker" [_thread_in_vm, id=5080, stack(0x000000001d9c0000,0x000000001dac0000)]
  0x000000001bf18000 JavaThread "Cancel handler" [_thread_blocked, id=9860, stack(0x000000001d8c0000,0x000000001d9c0000)]
  0x000000001beab000 JavaThread "Handler for socket connection from /127.0.0.1:54260 to /127.0.0.1:54261" [_thread_in_native, id=2664, stack(0x000000001d5c0000,0x000000001d6c0000)]
  0x000000001bea4800 JavaThread "Daemon" [_thread_blocked, id=4368, stack(0x000000001d4c0000,0x000000001d5c0000)]
  0x000000001bdc3000 JavaThread "Daemon periodic checks" [_thread_blocked, id=13936, stack(0x000000001d3c0000,0x000000001d4c0000)]
  0x000000001bdc1800 JavaThread "Incoming local TCP Connector on port 54260" [_thread_in_native, id=19472, stack(0x000000001d180000,0x000000001d280000)]
  0x000000001be41800 JavaThread "Daemon health stats" [_thread_blocked, id=18664, stack(0x000000001cb40000,0x000000001cc40000)]
  0x000000001956d800 JavaThread "Service Thread" daemon [_thread_blocked, id=15624, stack(0x000000001a1a0000,0x000000001a2a0000)]
  0x00000000194e8800 JavaThread "C1 CompilerThread3" daemon [_thread_in_native, id=9416, stack(0x000000001a0a0000,0x000000001a1a0000)]
  0x00000000194dc000 JavaThread "C2 CompilerThread2" daemon [_thread_blocked, id=16588, stack(0x0000000019fa0000,0x000000001a0a0000)]
=>0x00000000194d8800 JavaThread "C2 CompilerThread1" daemon [_thread_in_native, id=14020, stack(0x0000000019ea0000,0x0000000019fa0000)]
  0x00000000194d1000 JavaThread "C2 CompilerThread0" daemon [_thread_in_native, id=10568, stack(0x0000000019da0000,0x0000000019ea0000)]
  0x00000000194d0000 JavaThread "Attach Listener" daemon [_thread_blocked, id=13740, stack(0x0000000019ca0000,0x0000000019da0000)]
  0x00000000194cf000 JavaThread "Signal Dispatcher" daemon [_thread_blocked, id=18080, stack(0x0000000019ba0000,0x0000000019ca0000)]
  0x00000000194c1800 JavaThread "Finalizer" daemon [_thread_blocked, id=3140, stack(0x00000000199a0000,0x0000000019aa0000)]
  0x00000000194c0800 JavaThread "Reference Handler" daemon [_thread_blocked, id=9784, stack(0x00000000198a0000,0x00000000199a0000)]
  0x000000000254e000 JavaThread "main" [_thread_blocked, id=16784, stack(0x0000000002440000,0x0000000002540000)]

Other Threads:
  0x00000000176b8000 VMThread [stack: 0x00000000193a0000,0x00000000194a0000] [id=17620]
  0x000000001956e800 WatcherThread [stack: 0x000000001a2a0000,0x000000001a3a0000] [id=5556]

VM state:not at safepoint (normal execution)

VM Mutex/Monitor currently owned by a thread: None

heap address: 0x0000000080000000, size: 2048 MB, Compressed Oops mode: 32-bit
Narrow klass base: 0x0000000000000000, Narrow klass shift: 3
Compressed class space size: 1073741824 Address: 0x0000000100000000

Heap:
 PSYoungGen      total 183808K, used 124937K [0x00000000d5580000, 0x00000000e1d00000, 0x0000000100000000)
  eden space 170496K, 65% used [0x00000000d5580000,0x00000000dc2864b8,0x00000000dfc00000)
  from space 13312K, 99% used [0x00000000e1000000,0x00000000e1cfc0d0,0x00000000e1d00000)
  to   space 15360K, 0% used [0x00000000dff00000,0x00000000dff00000,0x00000000e0e00000)
 ParOldGen       total 73216K, used 19716K [0x0000000080000000, 0x0000000084780000, 0x00000000d5580000)
  object space 73216K, 26% used [0x0000000080000000,0x00000000813412e0,0x0000000084780000)
 Metaspace       used 52672K, capacity 54550K, committed 54832K, reserved 1095680K
  class space    used 7170K, capacity 7614K, committed 7728K, reserved 1048576K

Card table byte_map: [0x0000000011a10000,0x0000000011e20000] byte_map_base: 0x0000000011610000

Marking Bits: (ParMarkBitMap*) 0x000000006151f030
 Begin Bits: [0x00000000128d0000, 0x00000000148d0000)
 End Bits:   [0x00000000148d0000, 0x00000000168d0000)

Polling page: 0x00000000003f0000

CodeCache: size=245760Kb used=15249Kb max_used=15259Kb free=230510Kb
 bounds [0x0000000002650000, 0x0000000003550000, 0x0000000011650000]
 total_blobs=5118 nmethods=4348 adapters=683
 compilation: enabled

Compilation events (10 events):
Event: 8.405 Thread 0x00000000194e8800 nmethod 4742 0x0000000003537050 code [0x00000000035371a0, 0x0000000003537310]
Event: 8.406 Thread 0x00000000194e8800 4743       3       org.gradle.internal.ImmutableActionSet::mergeFrom (31 bytes)
Event: 8.407 Thread 0x00000000194e8800 nmethod 4743 0x0000000003533950 code [0x0000000003533ae0, 0x0000000003533f48]
Event: 8.424 Thread 0x00000000194e8800 4744       3       org.gradle.internal.operations.DefaultBuildOperationListenerManager$1::started (47 bytes)
Event: 8.424 Thread 0x00000000194e8800 nmethod 4744 0x0000000003532b10 code [0x0000000003532cc0, 0x0000000003533268]
Event: 8.425 Thread 0x00000000194dc000 nmethod 4728 0x000000000353a590 code [0x000000000353a8a0, 0x000000000353bee0]
Event: 8.429 Thread 0x00000000194e8800 4745       1       java.util.WeakHashMap::indexFor (6 bytes)
Event: 8.430 Thread 0x00000000194e8800 nmethod 4745 0x0000000003532810 code [0x0000000003532960, 0x0000000003532a50]
Event: 8.437 Thread 0x00000000194dc000 4746       4       java.util.HashMap$KeyIterator::next (8 bytes)
Event: 8.437 Thread 0x00000000194e8800 4747       3       org.apache.commons.lang.StringUtils::containsAny (128 bytes)

GC Heap History (10 events):
Event: 3.155 GC heap before
{Heap before GC invocations=8 (full 1):
 PSYoungGen      total 75776K, used 3968K [0x00000000d5580000, 0x00000000de980000, 0x0000000100000000)
  eden space 64512K, 0% used [0x00000000d5580000,0x00000000d5580000,0x00000000d9480000)
  from space 11264K, 35% used [0x00000000d9480000,0x00000000d9860030,0x00000000d9f80000)
  to   space 11264K, 0% used [0x00000000dde80000,0x00000000dde80000,0x00000000de980000)
 ParOldGen       total 86016K, used 9344K [0x0000000080000000, 0x0000000085400000, 0x00000000d5580000)
  object space 86016K, 10% used [0x0000000080000000,0x0000000080920350,0x0000000085400000)
 Metaspace       used 20605K, capacity 21224K, committed 21296K, reserved 1067008K
  class space    used 2889K, capacity 3084K, committed 3120K, reserved 1048576K
Event: 3.190 GC heap after
Heap after GC invocations=8 (full 1):
 PSYoungGen      total 75776K, used 0K [0x00000000d5580000, 0x00000000de980000, 0x0000000100000000)
  eden space 64512K, 0% used [0x00000000d5580000,0x00000000d5580000,0x00000000d9480000)
  from space 11264K, 0% used [0x00000000d9480000,0x00000000d9480000,0x00000000d9f80000)
  to   space 11264K, 0% used [0x00000000dde80000,0x00000000dde80000,0x00000000de980000)
 ParOldGen       total 48640K, used 6891K [0x0000000080000000, 0x0000000082f80000, 0x00000000d5580000)
  object space 48640K, 14% used [0x0000000080000000,0x00000000806bae88,0x0000000082f80000)
 Metaspace       used 20605K, capacity 21224K, committed 21296K, reserved 1067008K
  class space    used 2889K, capacity 3084K, committed 3120K, reserved 1048576K
}
Event: 3.932 GC heap before
{Heap before GC invocations=9 (full 1):
 PSYoungGen      total 75776K, used 64512K [0x00000000d5580000, 0x00000000de980000, 0x0000000100000000)
  eden space 64512K, 100% used [0x00000000d5580000,0x00000000d9480000,0x00000000d9480000)
  from space 11264K, 0% used [0x00000000d9480000,0x00000000d9480000,0x00000000d9f80000)
  to   space 11264K, 0% used [0x00000000dde80000,0x00000000dde80000,0x00000000de980000)
 ParOldGen       total 48640K, used 6891K [0x0000000080000000, 0x0000000082f80000, 0x00000000d5580000)
  object space 48640K, 14% used [0x0000000080000000,0x00000000806bae88,0x0000000082f80000)
 Metaspace       used 28214K, capacity 28912K, committed 29232K, reserved 1075200K
  class space    used 3893K, capacity 4127K, committed 4144K, reserved 1048576K
Event: 3.941 GC heap after
Heap after GC invocations=9 (full 1):
 PSYoungGen      total 128000K, used 8434K [0x00000000d5580000, 0x00000000de700000, 0x0000000100000000)
  eden space 119296K, 0% used [0x00000000d5580000,0x00000000d5580000,0x00000000dca00000)
  from space 8704K, 96% used [0x00000000dde80000,0x00000000de6bcbf0,0x00000000de700000)
  to   space 11776K, 0% used [0x00000000dd000000,0x00000000dd000000,0x00000000ddb80000)
 ParOldGen       total 48640K, used 6899K [0x0000000080000000, 0x0000000082f80000, 0x00000000d5580000)
  object space 48640K, 14% used [0x0000000080000000,0x00000000806bce88,0x0000000082f80000)
 Metaspace       used 28214K, capacity 28912K, committed 29232K, reserved 1075200K
  class space    used 3893K, capacity 4127K, committed 4144K, reserved 1048576K
}
Event: 5.063 GC heap before
{Heap before GC invocations=10 (full 1):
 PSYoungGen      total 128000K, used 120810K [0x00000000d5580000, 0x00000000de700000, 0x0000000100000000)
  eden space 119296K, 94% used [0x00000000d5580000,0x00000000dc33df20,0x00000000dca00000)
  from space 8704K, 96% used [0x00000000dde80000,0x00000000de6bcbf0,0x00000000de700000)
  to   space 11776K, 0% used [0x00000000dd000000,0x00000000dd000000,0x00000000ddb80000)
 ParOldGen       total 48640K, used 6899K [0x0000000080000000, 0x0000000082f80000, 0x00000000d5580000)
  object space 48640K, 14% used [0x0000000080000000,0x00000000806bce88,0x0000000082f80000)
 Metaspace       used 34602K, capacity 35410K, committed 35496K, reserved 1079296K
  class space    used 4746K, capacity 4972K, committed 5040K, reserved 1048576K
Event: 5.076 GC heap after
Heap after GC invocations=10 (full 1):
 PSYoungGen      total 137216K, used 11747K [0x00000000d5580000, 0x00000000e1d00000, 0x0000000100000000)
  eden space 125440K, 0% used [0x00000000d5580000,0x00000000d5580000,0x00000000dd000000)
  from space 11776K, 99% used [0x00000000dd000000,0x00000000ddb78fa8,0x00000000ddb80000)
  to   space 13312K, 0% used [0x00000000e1000000,0x00000000e1000000,0x00000000e1d00000)
 ParOldGen       total 48640K, used 7018K [0x0000000080000000, 0x0000000082f80000, 0x00000000d5580000)
  object space 48640K, 14% used [0x0000000080000000,0x00000000806da980,0x0000000082f80000)
 Metaspace       used 34602K, capacity 35410K, committed 35496K, reserved 1079296K
  class space    used 4746K, capacity 4972K, committed 5040K, reserved 1048576K
}
Event: 5.076 GC heap before
{Heap before GC invocations=11 (full 2):
 PSYoungGen      total 137216K, used 11747K [0x00000000d5580000, 0x00000000e1d00000, 0x0000000100000000)
  eden space 125440K, 0% used [0x00000000d5580000,0x00000000d5580000,0x00000000dd000000)
  from space 11776K, 99% used [0x00000000dd000000,0x00000000ddb78fa8,0x00000000ddb80000)
  to   space 13312K, 0% used [0x00000000e1000000,0x00000000e1000000,0x00000000e1d00000)
 ParOldGen       total 48640K, used 7018K [0x0000000080000000, 0x0000000082f80000, 0x00000000d5580000)
  object space 48640K, 14% used [0x0000000080000000,0x00000000806da980,0x0000000082f80000)
 Metaspace       used 34602K, capacity 35410K, committed 35496K, reserved 1079296K
  class space    used 4746K, capacity 4972K, committed 5040K, reserved 1048576K
Event: 5.154 GC heap after
Heap after GC invocations=11 (full 2):
 PSYoungGen      total 137216K, used 0K [0x00000000d5580000, 0x00000000e1d00000, 0x0000000100000000)
  eden space 125440K, 0% used [0x00000000d5580000,0x00000000d5580000,0x00000000dd000000)
  from space 11776K, 0% used [0x00000000dd000000,0x00000000dd000000,0x00000000ddb80000)
  to   space 13312K, 0% used [0x00000000e1000000,0x00000000e1000000,0x00000000e1d00000)
 ParOldGen       total 73216K, used 18137K [0x0000000080000000, 0x0000000084780000, 0x00000000d5580000)
  object space 73216K, 24% used [0x0000000080000000,0x00000000811b67e8,0x0000000084780000)
 Metaspace       used 34602K, capacity 35410K, committed 35496K, reserved 1079296K
  class space    used 4746K, capacity 4972K, committed 5040K, reserved 1048576K
}
Event: 6.942 GC heap before
{Heap before GC invocations=12 (full 2):
 PSYoungGen      total 137216K, used 125440K [0x00000000d5580000, 0x00000000e1d00000, 0x0000000100000000)
  eden space 125440K, 100% used [0x00000000d5580000,0x00000000dd000000,0x00000000dd000000)
  from space 11776K, 0% used [0x00000000dd000000,0x00000000dd000000,0x00000000ddb80000)
  to   space 13312K, 0% used [0x00000000e1000000,0x00000000e1000000,0x00000000e1d00000)
 ParOldGen       total 73216K, used 18137K [0x0000000080000000, 0x0000000084780000, 0x00000000d5580000)
  object space 73216K, 24% used [0x0000000080000000,0x00000000811b67e8,0x0000000084780000)
 Metaspace       used 44475K, capacity 46042K, committed 46128K, reserved 1089536K
  class space    used 6020K, capacity 6397K, committed 6448K, reserved 1048576K
Event: 6.957 GC heap after
Heap after GC invocations=12 (full 2):
 PSYoungGen      total 183808K, used 13296K [0x00000000d5580000, 0x00000000e1d00000, 0x0000000100000000)
  eden space 170496K, 0% used [0x00000000d5580000,0x00000000d5580000,0x00000000dfc00000)
  from space 13312K, 99% used [0x00000000e1000000,0x00000000e1cfc0d0,0x00000000e1d00000)
  to   space 15360K, 0% used [0x00000000dff00000,0x00000000dff00000,0x00000000e0e00000)
 ParOldGen       total 73216K, used 19716K [0x0000000080000000, 0x0000000084780000, 0x00000000d5580000)
  object space 73216K, 26% used [0x0000000080000000,0x00000000813412e0,0x0000000084780000)
 Metaspace       used 44475K, capacity 46042K, committed 46128K, reserved 1089536K
  class space    used 6020K, capacity 6397K, committed 6448K, reserved 1048576K
}

Deoptimization events (10 events):
Event: 6.923 Thread 0x000000001bf1a000 Uncommon trap: reason=unstable_if action=reinterpret pc=0x0000000003320fa8 method=java.security.CodeSource.getCertificates()[Ljava/security/cert/Certificate; @ 4
Event: 7.414 Thread 0x000000001bf1a000 Uncommon trap: reason=unstable_if action=reinterpret pc=0x00000000032323f0 method=org.gradle.internal.reflect.PropertyAccessorType.of(Ljava/lang/reflect/Method;)Lorg/gradle/internal/reflect/PropertyAccessorType; @ 56
Event: 7.612 Thread 0x000000001bf1a000 Uncommon trap: reason=unstable_if action=reinterpret pc=0x0000000003370d70 method=org.gradle.internal.instantiation.generator.AbstractClassGenerator$InjectionAnnotationValidator.validateMethod(Ljava/lang/reflect/Method;Lorg/gradle/internal/reflect/Propert
Event: 7.612 Thread 0x000000001bf1a000 Uncommon trap: reason=unstable_if action=reinterpret pc=0x0000000002860444 method=org.gradle.internal.instantiation.generator.AbstractClassGenerator$InjectionAnnotationValidator.validateMethod(Ljava/lang/reflect/Method;Lorg/gradle/internal/reflect/Propert
Event: 7.656 Thread 0x000000001bf1a000 Uncommon trap: reason=unstable_if action=reinterpret pc=0x000000000328cfac method=groovy.lang.MetaClassImpl$1MOPIter.methodNameAction(Ljava/lang/Class;Lorg/codehaus/groovy/runtime/metaclass/MetaMethodIndex$Entry;)V @ 182
Event: 7.814 Thread 0x000000001bf1a000 Uncommon trap: reason=unstable_if action=reinterpret pc=0x000000000322dae0 method=org.codehaus.groovy.reflection.CachedMethod.compareToMethod(Ljava/lang/reflect/Method;)I @ 71
Event: 7.819 Thread 0x000000001bf1a000 Uncommon trap: reason=unstable_if action=reinterpret pc=0x0000000003446e80 method=java.lang.reflect.AccessibleObject.setAccessible0(Ljava/lang/reflect/AccessibleObject;Z)V @ 23
Event: 7.822 Thread 0x000000001bf1a000 Uncommon trap: reason=class_check action=maybe_recompile pc=0x0000000002d84c28 method=java.util.WeakHashMap.eq(Ljava/lang/Object;Ljava/lang/Object;)Z @ 7
Event: 7.892 Thread 0x000000001bf1a000 Uncommon trap: reason=class_check action=maybe_recompile pc=0x0000000002d84c28 method=java.util.WeakHashMap.eq(Ljava/lang/Object;Ljava/lang/Object;)Z @ 7
Event: 7.894 Thread 0x000000001bf1a000 Uncommon trap: reason=class_check action=maybe_recompile pc=0x0000000002d84c28 method=java.util.WeakHashMap.eq(Ljava/lang/Object;Ljava/lang/Object;)Z @ 7

Classes redefined (0 events):
No events

Internal exceptions (10 events):
Event: 7.955 Thread 0x000000001bf1a000 Exception <a 'java/lang/ClassNotFoundException': org/gradle/api/internal/file/AbstractFileCollectionBeanInfo> (0x00000000dabcb250) thrown at [C:\src\AOSP-openjdk-git\hotspot\src\share\vm\classfile\systemDictionary.cpp, line 210]
Event: 7.956 Thread 0x000000001bf1a000 Exception <a 'java/lang/ClassNotFoundException': org/gradle/api/internal/file/AbstractFileCollectionCustomizer> (0x00000000dac0b1a8) thrown at [C:\src\AOSP-openjdk-git\hotspot\src\share\vm\classfile\systemDictionary.cpp, line 210]
Event: 7.958 Thread 0x000000001bf1a000 Exception <a 'java/lang/ClassNotFoundException': org/gradle/api/internal/file/CompositeFileCollectionCustomizer> (0x00000000dac5c270) thrown at [C:\src\AOSP-openjdk-git\hotspot\src\share\vm\classfile\systemDictionary.cpp, line 210]
Event: 7.959 Thread 0x000000001bf1a000 Exception <a 'java/lang/ClassNotFoundException': org/gradle/api/internal/file/CompositeFileTreeCustomizer> (0x00000000daca70e0) thrown at [C:\src\AOSP-openjdk-git\hotspot\src\share\vm\classfile\systemDictionary.cpp, line 210]
Event: 7.961 Thread 0x000000001bf1a000 Exception <a 'java/lang/ClassNotFoundException': org/gradle/api/internal/file/collections/DefaultConfigurableFileTreeCustomizer> (0x00000000dacfe7d8) thrown at [C:\src\AOSP-openjdk-git\hotspot\src\share\vm\classfile\systemDictionary.cpp, line 210]
Event: 8.101 Thread 0x000000001bf1a000 Exception <a 'java/lang/ClassNotFoundException': org/gradle/api/plugins/internal/DefaultBasePluginConventionBeanInfo> (0x00000000db455750) thrown at [C:\src\AOSP-openjdk-git\hotspot\src\share\vm\classfile\systemDictionary.cpp, line 210]
Event: 8.101 Thread 0x000000001bf1a000 Exception <a 'java/lang/ClassNotFoundException': org/gradle/api/plugins/BasePluginConventionBeanInfo> (0x00000000db4811b8) thrown at [C:\src\AOSP-openjdk-git\hotspot\src\share\vm\classfile\systemDictionary.cpp, line 210]
Event: 8.102 Thread 0x000000001bf1a000 Exception <a 'java/lang/ClassNotFoundException': org/gradle/api/plugins/BasePluginConventionCustomizer> (0x00000000db4ad358) thrown at [C:\src\AOSP-openjdk-git\hotspot\src\share\vm\classfile\systemDictionary.cpp, line 210]
Event: 8.103 Thread 0x000000001bf1a000 Exception <a 'java/lang/ClassNotFoundException': org/gradle/api/plugins/internal/DefaultBasePluginConventionCustomizer> (0x00000000db4f6bb8) thrown at [C:\src\AOSP-openjdk-git\hotspot\src\share\vm\classfile\systemDictionary.cpp, line 210]
Event: 8.110 Thread 0x000000001bf1a000 Exception <a 'java/lang/NoSuchMethodError': java.lang.Object.lambda$comparingInt$7b0bb60$1(Ljava/util/function/ToIntFunction;Ljava/lang/Object;Ljava/lang/Object;)I> (0x00000000db568f30) thrown at [C:\src\AOSP-openjdk-git\hotspot\src\share\vm\interpreter\l

Events (10 events):
Event: 8.434 loading class org/gradle/api/Action
Event: 8.434 loading class org/gradle/api/Action done
Event: 8.434 loading class org/gradle/api/component/AdhocComponentWithVariants
Event: 8.434 loading class org/gradle/api/component/AdhocComponentWithVariants done
Event: 8.434 loading class org/gradle/api/internal/java/usagecontext/ConfigurationVariantMapping
Event: 8.434 loading class org/gradle/api/internal/java/usagecontext/ConfigurationVariantMapping done
Event: 8.435 loading class org/gradle/api/internal/java/usagecontext/ConfigurationVariantDetailsInternal
Event: 8.435 loading class org/gradle/api/internal/java/usagecontext/ConfigurationVariantDetailsInternal done
Event: 8.436 loading class org/gradle/api/component/SoftwareComponentContainer
Event: 8.436 loading class org/gradle/api/component/SoftwareComponentContainer done


Dynamic libraries:
0x00007ff780140000 - 0x00007ff780171000 	C:\Program Files\Android\Android Studio\jre\bin\java.exe
0x00007ffdc8160000 - 0x00007ffdc8350000 	C:\WINDOWS\SYSTEM32\ntdll.dll
0x00007ffdc7fe0000 - 0x00007ffdc8092000 	C:\WINDOWS\System32\KERNEL32.DLL
0x00007ffdc5990000 - 0x00007ffdc5c35000 	C:\WINDOWS\System32\KERNELBASE.dll
0x00007ffdc6900000 - 0x00007ffdc69a3000 	C:\WINDOWS\System32\ADVAPI32.dll
0x00007ffdc7e70000 - 0x00007ffdc7f0e000 	C:\WINDOWS\System32\msvcrt.dll
0x00007ffdc7d60000 - 0x00007ffdc7df7000 	C:\WINDOWS\System32\sechost.dll
0x00007ffdc7a60000 - 0x00007ffdc7b80000 	C:\WINDOWS\System32\RPCRT4.dll
0x00007ffdc6dc0000 - 0x00007ffdc6f55000 	C:\WINDOWS\System32\USER32.dll
0x00007ffdc5db0000 - 0x00007ffdc5dd1000 	C:\WINDOWS\System32\win32u.dll
0x00007ffdc7d30000 - 0x00007ffdc7d56000 	C:\WINDOWS\System32\GDI32.dll
0x00007ffdc5e90000 - 0x00007ffdc6026000 	C:\WINDOWS\System32\gdi32full.dll
0x00007ffdc5d10000 - 0x00007ffdc5dae000 	C:\WINDOWS\System32\msvcp_win.dll
0x00007ffdc5870000 - 0x00007ffdc596a000 	C:\WINDOWS\System32\ucrtbase.dll
0x00007ffda9840000 - 0x00007ffda9ac4000 	C:\WINDOWS\WinSxS\amd64_microsoft.windows.common-controls_6595b64144ccf1df_6.0.18362.1082_none_9e8193e1e45b25c1\COMCTL32.dll
0x00007ffdc69b0000 - 0x00007ffdc6ce5000 	C:\WINDOWS\System32\combase.dll
0x00007ffdc5c40000 - 0x00007ffdc5cc0000 	C:\WINDOWS\System32\bcryptPrimitives.dll
0x00007ffdc7100000 - 0x00007ffdc712e000 	C:\WINDOWS\System32\IMM32.DLL
0x0000000061950000 - 0x0000000061a22000 	C:\Program Files\Android\Android Studio\jre\jre\bin\msvcr100.dll
0x0000000060d50000 - 0x000000006159b000 	C:\Program Files\Android\Android Studio\jre\jre\bin\server\jvm.dll
0x00007ffdc6f60000 - 0x00007ffdc6f68000 	C:\WINDOWS\System32\PSAPI.DLL
0x00007ffdb7470000 - 0x00007ffdb7479000 	C:\WINDOWS\SYSTEM32\WSOCK32.dll
0x00007ffdb09a0000 - 0x00007ffdb09aa000 	C:\WINDOWS\SYSTEM32\VERSION.dll
0x00007ffdb9280000 - 0x00007ffdb92a4000 	C:\WINDOWS\SYSTEM32\WINMM.dll
0x00007ffdc6d50000 - 0x00007ffdc6dbf000 	C:\WINDOWS\System32\WS2_32.dll
0x00007ffdb9030000 - 0x00007ffdb905d000 	C:\WINDOWS\SYSTEM32\winmmbase.dll
0x00007ffdc5cc0000 - 0x00007ffdc5d0a000 	C:\WINDOWS\System32\cfgmgr32.dll
0x00007ffdbdbf0000 - 0x00007ffdbdbff000 	C:\Program Files\Android\Android Studio\jre\jre\bin\verify.dll
0x00007ffdbda10000 - 0x00007ffdbda39000 	C:\Program Files\Android\Android Studio\jre\jre\bin\java.dll
0x00007ffdbdbd0000 - 0x00007ffdbdbe6000 	C:\Program Files\Android\Android Studio\jre\jre\bin\zip.dll
0x00007ffdc72c0000 - 0x00007ffdc79a7000 	C:\WINDOWS\System32\SHELL32.dll
0x00007ffdc7050000 - 0x00007ffdc70f9000 	C:\WINDOWS\System32\shcore.dll
0x00007ffdc50f0000 - 0x00007ffdc5870000 	C:\WINDOWS\System32\windows.storage.dll
0x00007ffdc5050000 - 0x00007ffdc5073000 	C:\WINDOWS\System32\profapi.dll
0x00007ffdc50a0000 - 0x00007ffdc50ea000 	C:\WINDOWS\System32\powrprof.dll
0x00007ffdc5020000 - 0x00007ffdc5030000 	C:\WINDOWS\System32\UMPDC.dll
0x00007ffdc6ff0000 - 0x00007ffdc7042000 	C:\WINDOWS\System32\shlwapi.dll
0x00007ffdc5030000 - 0x00007ffdc5041000 	C:\WINDOWS\System32\kernel.appcore.dll
0x00007ffdc5970000 - 0x00007ffdc5987000 	C:\WINDOWS\System32\cryptsp.dll
0x00007ffdbd9f0000 - 0x00007ffdbda0a000 	C:\Program Files\Android\Android Studio\jre\jre\bin\net.dll
0x00007ffdc4820000 - 0x00007ffdc4887000 	C:\WINDOWS\system32\mswsock.dll
0x00007ffdbce20000 - 0x00007ffdbce33000 	C:\Program Files\Android\Android Studio\jre\jre\bin\nio.dll
0x00007ffdaaa20000 - 0x00007ffdaaa46000 	C:\Users\kaith\.gradle\native\31\windows-amd64\native-platform.dll
0x00007ffdbdac0000 - 0x00007ffdbdacd000 	C:\Program Files\Android\Android Studio\jre\jre\bin\management.dll
0x00007ffdc43a0000 - 0x00007ffdc43d3000 	C:\WINDOWS\system32\rsaenh.dll
0x00007ffdc61e0000 - 0x00007ffdc6206000 	C:\WINDOWS\System32\bcrypt.dll
0x00007ffdc4f40000 - 0x00007ffdc4f65000 	C:\WINDOWS\SYSTEM32\USERENV.dll
0x00007ffdc49a0000 - 0x00007ffdc49ac000 	C:\WINDOWS\SYSTEM32\CRYPTBASE.dll
0x00007ffdc4540000 - 0x00007ffdc457a000 	C:\WINDOWS\SYSTEM32\IPHLPAPI.DLL
0x00007ffdc7e60000 - 0x00007ffdc7e68000 	C:\WINDOWS\System32\NSI.dll
0x00007ffdbb3a0000 - 0x00007ffdbb3b6000 	C:\WINDOWS\SYSTEM32\dhcpcsvc6.DLL
0x00007ffdbb660000 - 0x00007ffdbb67c000 	C:\WINDOWS\SYSTEM32\dhcpcsvc.DLL
0x00007ffdc4580000 - 0x00007ffdc464b000 	C:\WINDOWS\SYSTEM32\DNSAPI.dll

VM Arguments:
jvm_args: -Xmx2048m -Dfile.encoding=windows-1252 -Duser.country=US -Duser.language=en -Duser.variant 
java_command: org.gradle.launcher.daemon.bootstrap.GradleDaemon 6.1.1
java_class_path (initial): C:\Users\kaith\.gradle\wrapper\dists\gradle-6.1.1-all\cfmwm155h49vnt3hynmlrsdst\gradle-6.1.1\lib\gradle-launcher-6.1.1.jar
Launcher Type: SUN_STANDARD

Environment Variables:
PATH=C:\app\kaith\product\11.2.0\dbhome_6\bin;C:\app\kaith\product\11.2.0\dbhome_5\bin;C:\app\kaith\product\11.2.0\dbhome_4\bin;C:\app\kaith\product\11.2.0\dbhome_3\bin;C:\app\kaith\product\11.2.0\dbhome_2\bin;C:\app\kaith\product\11.2.0\dbhome_1\bin;C:\Program Files (x86)\Intel\iCLS Client\;C:\Program Files\Intel\iCLS Client\;C:\WINDOWS\system32;C:\WINDOWS;C:\WINDOWS\System32\Wbem;C:\WINDOWS\System32\WindowsPowerShell\v1.0\;C:\Program Files (x86)\Intel\Intel(R) Management Engine Components\DAL;C:\Program Files\Intel\Intel(R) Management Engine Components\DAL;C:\Program Files (x86)\Intel\Intel(R) Management Engine Components\IPT;C:\Program Files\Intel\Intel(R) Management Engine Components\IPT;C:\WINDOWS\System32\OpenSSH\;C:\Program Files (x86)\Windows Live\Shared;C:\Program Files\Intel\WiFi\bin\;C:\Program Files\Common Files\Intel\WirelessCommon\;C:\Program Files\MySQL\MySQL Shell 8.0\bin\;C:\Users\kaith\AppData\Local\Programs\Python\Launcher\;C:\Users\kaith\AppData\Local\Microsoft\WindowsApps;C:\Users\kaith\AppData\Local\GitHubDesktop\bin
USERNAME=kaith
OS=Windows_NT
PROCESSOR_IDENTIFIER=Intel64 Family 6 Model 142 Stepping 10, GenuineIntel



---------------  S Y S T E M  ---------------

OS: Windows 10.0 , 64 bit Build 18362 (10.0.18362.1082)

CPU:total 8 (initial active 8) (4 cores per cpu, 2 threads per core) family 6 model 142 stepping 10, cmov, cx8, fxsr, mmx, sse, sse2, sse3, ssse3, sse4.1, sse4.2, popcnt, avx, avx2, aes, clmul, erms, 3dnowpref, lzcnt, ht, tsc, tscinvbit, bmi1, bmi2, adx

Memory: 4k page, physical 8229328k(495024k free), swap 12374480k(6356k free)

vm_info: OpenJDK 64-Bit Server VM (25.242-b01) for windows-amd64 JRE (1.8.0_242-release-1644-b01), built by "builder" with MS VC++ 10.0 (VS2010)

time: Sun Sep 13 01:26:08 2020
timezone: India Standard Time
elapsed time: 8 seconds (0d 0h 0m 8s)

