#
# There is insufficient memory for the Java Runtime Environment to continue.
# Native memory allocation (malloc) failed to allocate 32744 bytes for ChunkPool::allocate
# Possible reasons:
#   The system is out of physical RAM or swap space
#   The process is running with CompressedOops enabled, and the Java Heap may be blocking the growth of the native heap
# Possible solutions:
#   Reduce memory load on the system
#   Increase physical memory or swap space
#   Check if swap backing store is full
#   Decrease Java heap size (-Xmx/-Xms)
#   Decrease number of Java threads
#   Decrease Java thread stack sizes (-Xss)
#   Set larger code cache with -XX:ReservedCodeCacheSize=
#   JVM is running with Unscaled Compressed Oops mode in which the Java heap is
#     placed in the first 4GB address space. The Java Heap base address is the
#     maximum limit for the native heap growth. Please use -XX:HeapBaseMinAddress
#     to set the Java Heap base and to place the Java Heap above 4GB virtual address.
# This output file may be truncated or incomplete.
#
#  Out of Memory Error (allocation.cpp:272), pid=17500, tid=0x000000000000294c
#
# JRE version: OpenJDK Runtime Environment (8.0_242-b01) (build 1.8.0_242-release-1644-b01)
# Java VM: OpenJDK 64-Bit Server VM (25.242-b01 mixed mode windows-amd64 compressed oops)
# Failed to write core dump. Minidumps are not enabled by default on client versions of Windows
#

---------------  T H R E A D  ---------------

Current thread (0x0000000019767800):  JavaThread "C2 CompilerThread2" daemon [_thread_in_native, id=10572, stack(0x000000001a1f0000,0x000000001a2f0000)]

Stack: [0x000000001a1f0000,0x000000001a2f0000]
[error occurred during error reporting (printing stack bounds), id 0xc0000005]

Native frames: (J=compiled Java code, j=interpreted, Vv=VM code, C=native code)


Current CompileTask:
C2:  22033 5362   !   4       java.net.URLClassLoader$1::run (63 bytes)


---------------  P R O C E S S  ---------------

Java Threads: ( => current thread )
  0x000000001e78f800 JavaThread "Cache worker for file content cache (C:\Users\kaith\AndroidStudioProjects\Codeflow\Codeflow\.gradle\6.1.1\fileContent)" [_thread_blocked, id=19184, stack(0x0000000025960000,0x0000000025a60000)]
  0x000000001e793000 JavaThread "Cache worker for file content cache (C:\Users\kaith\.gradle\caches\6.1.1\fileContent)" [_thread_blocked, id=17144, stack(0x0000000025860000,0x0000000025960000)]
  0x000000001e788000 JavaThread "Memory manager" [_thread_blocked, id=17000, stack(0x0000000025760000,0x0000000025860000)]
  0x000000001e78e800 JavaThread "Cache worker for Build Output Cleanup Cache (C:\Users\kaith\AndroidStudioProjects\Codeflow\Codeflow\.gradle\buildOutputCleanup)" [_thread_blocked, id=17504, stack(0x0000000024a60000,0x0000000024b60000)]
  0x000000001e789800 JavaThread "Build operations Thread 8" [_thread_blocked, id=4940, stack(0x0000000024360000,0x0000000024460000)]
  0x000000001e78d000 JavaThread "Build operations Thread 7" [_thread_blocked, id=15160, stack(0x0000000024260000,0x0000000024360000)]
  0x000000001e785800 JavaThread "Build operations Thread 6" [_thread_blocked, id=12856, stack(0x0000000024160000,0x0000000024260000)]
  0x000000001e786800 JavaThread "Build operations Thread 5" [_thread_blocked, id=16688, stack(0x0000000024060000,0x0000000024160000)]
  0x000000001e788800 JavaThread "Build operations Thread 4" [_thread_blocked, id=1296, stack(0x0000000023f60000,0x0000000024060000)]
  0x000000001e78c800 JavaThread "Build operations Thread 3" [_thread_blocked, id=4492, stack(0x0000000023e60000,0x0000000023f60000)]
  0x000000001e787000 JavaThread "Build operations Thread 2" [_thread_blocked, id=20288, stack(0x0000000023d60000,0x0000000023e60000)]
  0x000000001e78a000 JavaThread "Build operations" [_thread_blocked, id=18812, stack(0x0000000021d00000,0x0000000021e00000)]
  0x000000001b14f000 JavaThread "Cache worker for execution history cache (C:\Users\kaith\.gradle\caches\6.1.1\executionHistory)" [_thread_blocked, id=3672, stack(0x0000000021c00000,0x0000000021d00000)]
  0x000000001b150800 JavaThread "Cache worker for cache directory md-rule (C:\Users\kaith\.gradle\caches\6.1.1\md-rule)" [_thread_blocked, id=17272, stack(0x0000000021b00000,0x0000000021c00000)]
  0x000000001b153000 JavaThread "Cache worker for cache directory md-supplier (C:\Users\kaith\.gradle\caches\6.1.1\md-supplier)" [_thread_blocked, id=12752, stack(0x00000000209b0000,0x0000000020ab0000)]
  0x000000001b14e800 JavaThread "Cache worker for file hash cache (C:\Users\kaith\AndroidStudioProjects\Codeflow\Codeflow\.gradle\6.1.1\fileHashes)" [_thread_blocked, id=10808, stack(0x00000000206b0000,0x00000000207b0000)]
  0x000000001b14d800 JavaThread "Cache worker for checksums cache (C:\Users\kaith\AndroidStudioProjects\Codeflow\Codeflow\.gradle\checksums)" [_thread_blocked, id=3288, stack(0x0000000021e90000,0x0000000021f90000)]
  0x000000001b153800 JavaThread "Cache worker for file hash cache (C:\Users\kaith\.gradle\caches\6.1.1\fileHashes)" [_thread_blocked, id=3096, stack(0x000000001e410000,0x000000001e510000)]
  0x000000001b150000 JavaThread "File lock request listener" [_thread_in_native, id=15592, stack(0x000000001e310000,0x000000001e410000)]
  0x000000001acb4800 JavaThread "Cache worker for journal cache (C:\Users\kaith\.gradle\caches\journal-1)" [_thread_blocked, id=18164, stack(0x000000001e210000,0x000000001e310000)]
  0x000000001b1b6000 JavaThread "Thread-9" [_thread_blocked, id=13860, stack(0x000000001df10000,0x000000001e010000)]
  0x000000001b1b3000 JavaThread "Stdin handler" [_thread_blocked, id=19392, stack(0x000000001de10000,0x000000001df10000)]
  0x000000001c270000 JavaThread "Asynchronous log dispatcher for DefaultDaemonConnection: socket connection from /127.0.0.1:54143 to /127.0.0.1:54144" [_thread_blocked, id=7884, stack(0x000000001dd10000,0x000000001de10000)]
  0x000000001c269800 JavaThread "Daemon worker" [_thread_in_vm, id=7256, stack(0x000000001dc10000,0x000000001dd10000)]
  0x000000001c269000 JavaThread "Cancel handler" [_thread_blocked, id=19196, stack(0x000000001db10000,0x000000001dc10000)]
  0x000000001c235000 JavaThread "Handler for socket connection from /127.0.0.1:54143 to /127.0.0.1:54144" [_thread_in_native, id=10892, stack(0x000000001d810000,0x000000001d910000)]
  0x000000001c22f800 JavaThread "Daemon" [_thread_blocked, id=9268, stack(0x000000001d710000,0x000000001d810000)]
  0x000000001c1cd800 JavaThread "Daemon periodic checks" [_thread_blocked, id=19624, stack(0x000000001d610000,0x000000001d710000)]
  0x000000001c1cc000 JavaThread "Incoming local TCP Connector on port 54143" [_thread_in_native, id=15988, stack(0x000000001d3d0000,0x000000001d4d0000)]
  0x000000001a71b000 JavaThread "Daemon health stats" [_thread_blocked, id=19844, stack(0x000000001cd90000,0x000000001ce90000)]
  0x00000000197b9800 JavaThread "Service Thread" daemon [_thread_blocked, id=11248, stack(0x000000001a3f0000,0x000000001a4f0000)]
  0x000000001977e000 JavaThread "C1 CompilerThread3" daemon [_thread_blocked, id=18372, stack(0x000000001a2f0000,0x000000001a3f0000)]
=>0x0000000019767800 JavaThread "C2 CompilerThread2" daemon [_thread_in_native, id=10572, stack(0x000000001a1f0000,0x000000001a2f0000)]
  0x000000001972b800 JavaThread "C2 CompilerThread1" daemon [_thread_in_native, id=18180, stack(0x000000001a0f0000,0x000000001a1f0000)]
  0x0000000019722000 JavaThread "C2 CompilerThread0" daemon [_thread_blocked, id=700, stack(0x0000000019ff0000,0x000000001a0f0000)]
  0x0000000019720800 JavaThread "Attach Listener" daemon [_thread_blocked, id=2412, stack(0x0000000019ef0000,0x0000000019ff0000)]
  0x000000001971f000 JavaThread "Signal Dispatcher" daemon [_thread_blocked, id=32, stack(0x0000000019df0000,0x0000000019ef0000)]
  0x00000000028a9000 JavaThread "Finalizer" daemon [_thread_blocked, id=19892, stack(0x0000000019bf0000,0x0000000019cf0000)]
  0x000000001791c000 JavaThread "Reference Handler" daemon [_thread_blocked, id=6016, stack(0x0000000019af0000,0x0000000019bf0000)]
  0x000000000253e000 JavaThread "main" [_thread_blocked, id=14676, stack(0x00000000026b0000,0x00000000027b0000)]

Other Threads:
  0x0000000017917800 VMThread [stack: 0x00000000195f0000,0x00000000196f0000] [id=12220]
  0x00000000197ba000 WatcherThread [stack: 0x000000001a4f0000,0x000000001a5f0000] [id=16220]

VM state:not at safepoint (normal execution)

VM Mutex/Monitor currently owned by a thread: None

heap address: 0x0000000080000000, size: 2048 MB, Compressed Oops mode: 32-bit
Narrow klass base: 0x0000000000000000, Narrow klass shift: 3
Compressed class space size: 1073741824 Address: 0x0000000100000000

Heap:
 PSYoungGen      total 194048K, used 22737K [0x00000000d5580000, 0x00000000e6c00000, 0x0000000100000000)
  eden space 178176K, 3% used [0x00000000d5580000,0x00000000d5c36640,0x00000000e0380000)
  from space 15872K, 99% used [0x00000000e0380000,0x00000000e12fe098,0x00000000e1300000)
  to   space 22016K, 0% used [0x00000000e5680000,0x00000000e5680000,0x00000000e6c00000)
 ParOldGen       total 69120K, used 31419K [0x0000000080000000, 0x0000000084380000, 0x00000000d5580000)
  object space 69120K, 45% used [0x0000000080000000,0x0000000081eaefe8,0x0000000084380000)
 Metaspace       used 56115K, capacity 58192K, committed 58416K, reserved 1099776K
  class space    used 7684K, capacity 8219K, committed 8240K, reserved 1048576K

Card table byte_map: [0x0000000011c70000,0x0000000012080000] byte_map_base: 0x0000000011870000

Marking Bits: (ParMarkBitMap*) 0x000000006151f030
 Begin Bits: [0x0000000012b30000, 0x0000000014b30000)
 End Bits:   [0x0000000014b30000, 0x0000000016b30000)

Polling page: 0x00000000008e0000

CodeCache: size=245760Kb used=17744Kb max_used=17803Kb free=228015Kb
 bounds [0x00000000028b0000, 0x0000000003a30000, 0x00000000118b0000]
 total_blobs=5750 nmethods=4973 adapters=690
 compilation: enabled

Compilation events (10 events):
Event: 21.867 Thread 0x000000001977e000 5387       3       java.lang.ClassLoader::getResource (36 bytes)
Event: 21.868 Thread 0x000000001977e000 nmethod 5387 0x0000000002bdb650 code [0x0000000002bdb820, 0x0000000002bdbe98]
Event: 21.899 Thread 0x000000001977e000 5388       3       java.io.File::getCanonicalPath (31 bytes)
Event: 21.900 Thread 0x000000001977e000 nmethod 5388 0x0000000002dbe550 code [0x0000000002dbe6e0, 0x0000000002dbea58]
Event: 21.919 Thread 0x000000001977e000 5389       3       java.util.logging.LogManager$LoggerContext::requiresDefaultLoggers (29 bytes)
Event: 21.919 Thread 0x000000001977e000 nmethod 5389 0x0000000002b88650 code [0x0000000002b887c0, 0x0000000002b88be8]
Event: 21.920 Thread 0x000000001977e000 5390       3       java.util.logging.LogManager::access$100 (4 bytes)
Event: 21.920 Thread 0x000000001977e000 nmethod 5390 0x0000000002d74f90 code [0x0000000002d750e0, 0x0000000002d75210]
Event: 21.985 Thread 0x000000001977e000 5391       3       java.security.CodeSource::getCertificates (98 bytes)
Event: 21.988 Thread 0x000000001977e000 nmethod 5391 0x0000000002ee3990 code [0x0000000002ee3ba0, 0x0000000002ee4888]

GC Heap History (10 events):
Event: 9.193 GC heap before
{Heap before GC invocations=9 (full 1):
 PSYoungGen      total 75776K, used 64512K [0x00000000d5580000, 0x00000000de880000, 0x0000000100000000)
  eden space 64512K, 100% used [0x00000000d5580000,0x00000000d9480000,0x00000000d9480000)
  from space 11264K, 0% used [0x00000000d9480000,0x00000000d9480000,0x00000000d9f80000)
  to   space 10752K, 0% used [0x00000000dde00000,0x00000000dde00000,0x00000000de880000)
 ParOldGen       total 47616K, used 6918K [0x0000000080000000, 0x0000000082e80000, 0x00000000d5580000)
  object space 47616K, 14% used [0x0000000080000000,0x00000000806c18f8,0x0000000082e80000)
 Metaspace       used 28298K, capacity 28916K, committed 29232K, reserved 1075200K
  class space    used 3903K, capacity 4127K, committed 4144K, reserved 1048576K
Event: 9.208 GC heap after
Heap after GC invocations=9 (full 1):
 PSYoungGen      total 130048K, used 8484K [0x00000000d5580000, 0x00000000de680000, 0x0000000100000000)
  eden space 121344K, 0% used [0x00000000d5580000,0x00000000d5580000,0x00000000dcc00000)
  from space 8704K, 97% used [0x00000000dde00000,0x00000000de649198,0x00000000de680000)
  to   space 11264K, 0% used [0x00000000dd080000,0x00000000dd080000,0x00000000ddb80000)
 ParOldGen       total 47616K, used 6926K [0x0000000080000000, 0x0000000082e80000, 0x00000000d5580000)
  object space 47616K, 14% used [0x0000000080000000,0x00000000806c38f8,0x0000000082e80000)
 Metaspace       used 28298K, capacity 28916K, committed 29232K, reserved 1075200K
  class space    used 3903K, capacity 4127K, committed 4144K, reserved 1048576K
}
Event: 12.184 GC heap before
{Heap before GC invocations=10 (full 1):
 PSYoungGen      total 130048K, used 120702K [0x00000000d5580000, 0x00000000de680000, 0x0000000100000000)
  eden space 121344K, 92% used [0x00000000d5580000,0x00000000dc316908,0x00000000dcc00000)
  from space 8704K, 97% used [0x00000000dde00000,0x00000000de649198,0x00000000de680000)
  to   space 11264K, 0% used [0x00000000dd080000,0x00000000dd080000,0x00000000ddb80000)
 ParOldGen       total 47616K, used 6926K [0x0000000080000000, 0x0000000082e80000, 0x00000000d5580000)
  object space 47616K, 14% used [0x0000000080000000,0x00000000806c38f8,0x0000000082e80000)
 Metaspace       used 34610K, capacity 35442K, committed 35496K, reserved 1079296K
  class space    used 4754K, capacity 5004K, committed 5040K, reserved 1048576K
Event: 12.207 GC heap after
Heap after GC invocations=10 (full 1):
 PSYoungGen      total 137216K, used 11243K [0x00000000d5580000, 0x00000000e2280000, 0x0000000100000000)
  eden space 125952K, 0% used [0x00000000d5580000,0x00000000d5580000,0x00000000dd080000)
  from space 11264K, 99% used [0x00000000dd080000,0x00000000ddb7ad00,0x00000000ddb80000)
  to   space 13312K, 0% used [0x00000000e1580000,0x00000000e1580000,0x00000000e2280000)
 ParOldGen       total 47616K, used 7456K [0x0000000080000000, 0x0000000082e80000, 0x00000000d5580000)
  object space 47616K, 15% used [0x0000000080000000,0x00000000807482e0,0x0000000082e80000)
 Metaspace       used 34610K, capacity 35442K, committed 35496K, reserved 1079296K
  class space    used 4754K, capacity 5004K, committed 5040K, reserved 1048576K
}
Event: 12.207 GC heap before
{Heap before GC invocations=11 (full 2):
 PSYoungGen      total 137216K, used 11243K [0x00000000d5580000, 0x00000000e2280000, 0x0000000100000000)
  eden space 125952K, 0% used [0x00000000d5580000,0x00000000d5580000,0x00000000dd080000)
  from space 11264K, 99% used [0x00000000dd080000,0x00000000ddb7ad00,0x00000000ddb80000)
  to   space 13312K, 0% used [0x00000000e1580000,0x00000000e1580000,0x00000000e2280000)
 ParOldGen       total 47616K, used 7456K [0x0000000080000000, 0x0000000082e80000, 0x00000000d5580000)
  object space 47616K, 15% used [0x0000000080000000,0x00000000807482e0,0x0000000082e80000)
 Metaspace       used 34610K, capacity 35442K, committed 35496K, reserved 1079296K
  class space    used 4754K, capacity 5004K, committed 5040K, reserved 1048576K
Event: 12.342 GC heap after
Heap after GC invocations=11 (full 2):
 PSYoungGen      total 137216K, used 0K [0x00000000d5580000, 0x00000000e2280000, 0x0000000100000000)
  eden space 125952K, 0% used [0x00000000d5580000,0x00000000d5580000,0x00000000dd080000)
  from space 11264K, 0% used [0x00000000dd080000,0x00000000dd080000,0x00000000ddb80000)
  to   space 13312K, 0% used [0x00000000e1580000,0x00000000e1580000,0x00000000e2280000)
 ParOldGen       total 69120K, used 18053K [0x0000000080000000, 0x0000000084380000, 0x00000000d5580000)
  object space 69120K, 26% used [0x0000000080000000,0x00000000811a1688,0x0000000084380000)
 Metaspace       used 34610K, capacity 35442K, committed 35496K, reserved 1079296K
  class space    used 4754K, capacity 5004K, committed 5040K, reserved 1048576K
}
Event: 15.926 GC heap before
{Heap before GC invocations=12 (full 2):
 PSYoungGen      total 137216K, used 125952K [0x00000000d5580000, 0x00000000e2280000, 0x0000000100000000)
  eden space 125952K, 100% used [0x00000000d5580000,0x00000000dd080000,0x00000000dd080000)
  from space 11264K, 0% used [0x00000000dd080000,0x00000000dd080000,0x00000000ddb80000)
  to   space 13312K, 0% used [0x00000000e1580000,0x00000000e1580000,0x00000000e2280000)
 ParOldGen       total 69120K, used 18053K [0x0000000080000000, 0x0000000084380000, 0x00000000d5580000)
  object space 69120K, 26% used [0x0000000080000000,0x00000000811a1688,0x0000000084380000)
 Metaspace       used 44757K, capacity 46254K, committed 46512K, reserved 1089536K
  class space    used 6055K, capacity 6453K, committed 6576K, reserved 1048576K
Event: 15.949 GC heap after
Heap after GC invocations=12 (full 2):
 PSYoungGen      total 189440K, used 13310K [0x00000000d5580000, 0x00000000e2280000, 0x0000000100000000)
  eden space 176128K, 0% used [0x00000000d5580000,0x00000000d5580000,0x00000000e0180000)
  from space 13312K, 99% used [0x00000000e1580000,0x00000000e227f8b8,0x00000000e2280000)
  to   space 15872K, 0% used [0x00000000e0380000,0x00000000e0380000,0x00000000e1300000)
 ParOldGen       total 69120K, used 19941K [0x0000000080000000, 0x0000000084380000, 0x00000000d5580000)
  object space 69120K, 28% used [0x0000000080000000,0x0000000081379630,0x0000000084380000)
 Metaspace       used 44757K, capacity 46254K, committed 46512K, reserved 1089536K
  class space    used 6055K, capacity 6453K, committed 6576K, reserved 1048576K
}
Event: 21.642 GC heap before
{Heap before GC invocations=13 (full 2):
 PSYoungGen      total 189440K, used 189438K [0x00000000d5580000, 0x00000000e2280000, 0x0000000100000000)
  eden space 176128K, 100% used [0x00000000d5580000,0x00000000e0180000,0x00000000e0180000)
  from space 13312K, 99% used [0x00000000e1580000,0x00000000e227f8b8,0x00000000e2280000)
  to   space 15872K, 0% used [0x00000000e0380000,0x00000000e0380000,0x00000000e1300000)
 ParOldGen       total 69120K, used 19941K [0x0000000080000000, 0x0000000084380000, 0x00000000d5580000)
  object space 69120K, 28% used [0x0000000080000000,0x0000000081379630,0x0000000084380000)
 Metaspace       used 55565K, capacity 57680K, committed 57904K, reserved 1099776K
  class space    used 7607K, capacity 8155K, committed 8240K, reserved 1048576K
Event: 21.697 GC heap after
Heap after GC invocations=13 (full 2):
 PSYoungGen      total 194048K, used 15864K [0x00000000d5580000, 0x00000000e6c00000, 0x0000000100000000)
  eden space 178176K, 0% used [0x00000000d5580000,0x00000000d5580000,0x00000000e0380000)
  from space 15872K, 99% used [0x00000000e0380000,0x00000000e12fe098,0x00000000e1300000)
  to   space 22016K, 0% used [0x00000000e5680000,0x00000000e5680000,0x00000000e6c00000)
 ParOldGen       total 69120K, used 31419K [0x0000000080000000, 0x0000000084380000, 0x00000000d5580000)
  object space 69120K, 45% used [0x0000000080000000,0x0000000081eaefe8,0x0000000084380000)
 Metaspace       used 55565K, capacity 57680K, committed 57904K, reserved 1099776K
  class space    used 7607K, capacity 8155K, committed 8240K, reserved 1048576K
}

Deoptimization events (10 events):
Event: 21.247 Thread 0x000000001c269800 Uncommon trap: reason=unstable_if action=reinterpret pc=0x00000000031eb498 method=java.util.HashMap.putVal(ILjava/lang/Object;Ljava/lang/Object;ZZ)Ljava/lang/Object; @ 109
Event: 21.282 Thread 0x000000001c269800 Uncommon trap: reason=unstable_if action=reinterpret pc=0x000000000326b990 method=java.io.WinNTFileSystem.normalize(Ljava/lang/String;)Ljava/lang/String; @ 74
Event: 21.554 Thread 0x000000001c269800 Uncommon trap: reason=array_check action=maybe_recompile pc=0x00000000039fa4b0 method=java.util.AbstractCollection.toArray([Ljava/lang/Object;)[Ljava/lang/Object; @ 119
Event: 21.556 Thread 0x000000001c269800 Uncommon trap: reason=array_check action=maybe_recompile pc=0x00000000039fa4b0 method=java.util.AbstractCollection.toArray([Ljava/lang/Object;)[Ljava/lang/Object; @ 119
Event: 21.556 Thread 0x000000001c269800 Uncommon trap: reason=array_check action=maybe_recompile pc=0x00000000039fa4b0 method=java.util.AbstractCollection.toArray([Ljava/lang/Object;)[Ljava/lang/Object; @ 119
Event: 21.556 Thread 0x000000001c269800 Uncommon trap: reason=array_check action=maybe_recompile pc=0x00000000039fa4b0 method=java.util.AbstractCollection.toArray([Ljava/lang/Object;)[Ljava/lang/Object; @ 119
Event: 21.713 Thread 0x000000001c269800 Uncommon trap: reason=bimorphic action=maybe_recompile pc=0x0000000003982f44 method=java.util.regex.Pattern$5.isSatisfiedBy(I)Z @ 16
Event: 21.713 Thread 0x000000001c269800 Uncommon trap: reason=bimorphic action=maybe_recompile pc=0x0000000003982f44 method=java.util.regex.Pattern$5.isSatisfiedBy(I)Z @ 16
Event: 21.713 Thread 0x000000001c269800 Uncommon trap: reason=bimorphic action=maybe_recompile pc=0x0000000003982f44 method=java.util.regex.Pattern$5.isSatisfiedBy(I)Z @ 16
Event: 21.714 Thread 0x000000001c269800 Uncommon trap: reason=bimorphic action=maybe_recompile pc=0x0000000003982f44 method=java.util.regex.Pattern$5.isSatisfiedBy(I)Z @ 16

Classes redefined (0 events):
No events

Internal exceptions (10 events):
Event: 20.925 Thread 0x000000001c269800 Exception <a 'java/lang/reflect/InvocationTargetException'> (0x00000000dea743a0) thrown at [C:\src\AOSP-openjdk-git\hotspot\src\share\vm\runtime\reflection.cpp, line 1092]
Event: 21.001 Thread 0x000000001c269800 Exception <a 'java/lang/ClassNotFoundException': com/google/android/gms/dependencies/DependencyAnalyzerBeanInfo> (0x00000000dec24798) thrown at [C:\src\AOSP-openjdk-git\hotspot\src\share\vm\classfile\systemDictionary.cpp, line 210]
Event: 21.002 Thread 0x000000001c269800 Exception <a 'java/lang/ClassNotFoundException': com/google/android/gms/dependencies/DependencyAnalyzerCustomizer> (0x00000000dec42040) thrown at [C:\src\AOSP-openjdk-git\hotspot\src\share\vm\classfile\systemDictionary.cpp, line 210]
Event: 21.030 Thread 0x000000001c269800 Exception <a 'java/lang/ClassNotFoundException': com/google/android/gms/dependencies/DependencyInspectorBeanInfo> (0x00000000decbb240) thrown at [C:\src\AOSP-openjdk-git\hotspot\src\share\vm\classfile\systemDictionary.cpp, line 210]
Event: 21.033 Thread 0x000000001c269800 Exception <a 'java/lang/ClassNotFoundException': com/google/android/gms/dependencies/DependencyInspectorCustomizer> (0x00000000decd8b20) thrown at [C:\src\AOSP-openjdk-git\hotspot\src\share\vm\classfile\systemDictionary.cpp, line 210]
Event: 21.047 Thread 0x000000001c269800 Exception <a 'java/lang/ClassNotFoundException': org/gradle/invocation/DefaultGradle_DecoratedBeanInfo> (0x00000000ded49a98) thrown at [C:\src\AOSP-openjdk-git\hotspot\src\share\vm\classfile\systemDictionary.cpp, line 210]
Event: 21.048 Thread 0x000000001c269800 Exception <a 'java/lang/ClassNotFoundException': org/gradle/invocation/DefaultGradleBeanInfo> (0x00000000ded60ee8) thrown at [C:\src\AOSP-openjdk-git\hotspot\src\share\vm\classfile\systemDictionary.cpp, line 210]
Event: 21.053 Thread 0x000000001c269800 Exception <a 'java/lang/ClassNotFoundException': org/gradle/invocation/DefaultGradleCustomizer> (0x00000000ded787a0) thrown at [C:\src\AOSP-openjdk-git\hotspot\src\share\vm\classfile\systemDictionary.cpp, line 210]
Event: 21.057 Thread 0x000000001c269800 Exception <a 'java/lang/ClassNotFoundException': org/gradle/invocation/DefaultGradle_DecoratedCustomizer> (0x00000000deddad50) thrown at [C:\src\AOSP-openjdk-git\hotspot\src\share\vm\classfile\systemDictionary.cpp, line 210]
Event: 21.869 Thread 0x000000001c269800 Exception <a 'java/lang/ClassNotFoundException': com/sun/org/glassfish/hk2/osgiresourcelocator/ServiceLoader> (0x00000000d58a11a0) thrown at [C:\src\AOSP-openjdk-git\hotspot\src\share\vm\classfile\systemDictionary.cpp, line 210]

Events (10 events):
Event: 22.014 loading class com/sun/xml/bind/v2/runtime/JAXBContextImpl$3
Event: 22.014 loading class com/sun/xml/bind/v2/runtime/JAXBContextImpl$3 done
Event: 22.023 loading class com/sun/xml/bind/api/ErrorListener
Event: 22.023 loading class com/sun/xml/bind/api/ErrorListener done
Event: 22.024 loading class com/sun/xml/bind/v2/runtime/LeafBeanInfoImpl
Event: 22.024 loading class com/sun/xml/bind/v2/runtime/LeafBeanInfoImpl done
Event: 22.028 loading class com/sun/xml/bind/v2/runtime/ElementBeanInfoImpl
Event: 22.028 loading class com/sun/xml/bind/v2/runtime/ElementBeanInfoImpl done
Event: 22.029 loading class com/sun/xml/bind/v2/runtime/ClassBeanInfoImpl
Event: 22.029 loading class com/sun/xml/bind/v2/runtime/ClassBeanInfoImpl done


Dynamic libraries:
0x00007ff6ad270000 - 0x00007ff6ad2a1000 	C:\Program Files\Android\Android Studio\jre\bin\java.exe
0x00007ffdc8160000 - 0x00007ffdc8350000 	C:\WINDOWS\SYSTEM32\ntdll.dll
0x00007ffdc7fe0000 - 0x00007ffdc8092000 	C:\WINDOWS\System32\KERNEL32.DLL
0x00007ffdc5990000 - 0x00007ffdc5c35000 	C:\WINDOWS\System32\KERNELBASE.dll
0x00007ffdc6900000 - 0x00007ffdc69a3000 	C:\WINDOWS\System32\ADVAPI32.dll
0x00007ffdc7e70000 - 0x00007ffdc7f0e000 	C:\WINDOWS\System32\msvcrt.dll
0x00007ffdc7d60000 - 0x00007ffdc7df7000 	C:\WINDOWS\System32\sechost.dll
0x00007ffdc7a60000 - 0x00007ffdc7b80000 	C:\WINDOWS\System32\RPCRT4.dll
0x00007ffdc6dc0000 - 0x00007ffdc6f55000 	C:\WINDOWS\System32\USER32.dll
0x00007ffdc5db0000 - 0x00007ffdc5dd1000 	C:\WINDOWS\System32\win32u.dll
0x00007ffdc7d30000 - 0x00007ffdc7d56000 	C:\WINDOWS\System32\GDI32.dll
0x00007ffdc5e90000 - 0x00007ffdc6026000 	C:\WINDOWS\System32\gdi32full.dll
0x00007ffdc5d10000 - 0x00007ffdc5dae000 	C:\WINDOWS\System32\msvcp_win.dll
0x00007ffdc5870000 - 0x00007ffdc596a000 	C:\WINDOWS\System32\ucrtbase.dll
0x00007ffda9840000 - 0x00007ffda9ac4000 	C:\WINDOWS\WinSxS\amd64_microsoft.windows.common-controls_6595b64144ccf1df_6.0.18362.1082_none_9e8193e1e45b25c1\COMCTL32.dll
0x00007ffdc69b0000 - 0x00007ffdc6ce5000 	C:\WINDOWS\System32\combase.dll
0x00007ffdc5c40000 - 0x00007ffdc5cc0000 	C:\WINDOWS\System32\bcryptPrimitives.dll
0x00007ffdc7100000 - 0x00007ffdc712e000 	C:\WINDOWS\System32\IMM32.DLL
0x0000000061950000 - 0x0000000061a22000 	C:\Program Files\Android\Android Studio\jre\jre\bin\msvcr100.dll
0x0000000060d50000 - 0x000000006159b000 	C:\Program Files\Android\Android Studio\jre\jre\bin\server\jvm.dll
0x00007ffdc6f60000 - 0x00007ffdc6f68000 	C:\WINDOWS\System32\PSAPI.DLL
0x00007ffdb7470000 - 0x00007ffdb7479000 	C:\WINDOWS\SYSTEM32\WSOCK32.dll
0x00007ffdb9280000 - 0x00007ffdb92a4000 	C:\WINDOWS\SYSTEM32\WINMM.dll
0x00007ffdc6d50000 - 0x00007ffdc6dbf000 	C:\WINDOWS\System32\WS2_32.dll
0x00007ffdb09a0000 - 0x00007ffdb09aa000 	C:\WINDOWS\SYSTEM32\VERSION.dll
0x00007ffdb9030000 - 0x00007ffdb905d000 	C:\WINDOWS\SYSTEM32\WINMMBASE.dll
0x00007ffdc5cc0000 - 0x00007ffdc5d0a000 	C:\WINDOWS\System32\cfgmgr32.dll
0x00007ffdbdbf0000 - 0x00007ffdbdbff000 	C:\Program Files\Android\Android Studio\jre\jre\bin\verify.dll
0x00007ffdbda10000 - 0x00007ffdbda39000 	C:\Program Files\Android\Android Studio\jre\jre\bin\java.dll
0x00007ffdbdbd0000 - 0x00007ffdbdbe6000 	C:\Program Files\Android\Android Studio\jre\jre\bin\zip.dll
0x00007ffdc72c0000 - 0x00007ffdc79a7000 	C:\WINDOWS\System32\SHELL32.dll
0x00007ffdc7050000 - 0x00007ffdc70f9000 	C:\WINDOWS\System32\shcore.dll
0x00007ffdc50f0000 - 0x00007ffdc5870000 	C:\WINDOWS\System32\windows.storage.dll
0x00007ffdc5050000 - 0x00007ffdc5073000 	C:\WINDOWS\System32\profapi.dll
0x00007ffdc50a0000 - 0x00007ffdc50ea000 	C:\WINDOWS\System32\powrprof.dll
0x00007ffdc5020000 - 0x00007ffdc5030000 	C:\WINDOWS\System32\UMPDC.dll
0x00007ffdc6ff0000 - 0x00007ffdc7042000 	C:\WINDOWS\System32\shlwapi.dll
0x00007ffdc5030000 - 0x00007ffdc5041000 	C:\WINDOWS\System32\kernel.appcore.dll
0x00007ffdc5970000 - 0x00007ffdc5987000 	C:\WINDOWS\System32\cryptsp.dll
0x00007ffdbd9f0000 - 0x00007ffdbda0a000 	C:\Program Files\Android\Android Studio\jre\jre\bin\net.dll
0x00007ffdc4820000 - 0x00007ffdc4887000 	C:\WINDOWS\system32\mswsock.dll
0x00007ffdbce20000 - 0x00007ffdbce33000 	C:\Program Files\Android\Android Studio\jre\jre\bin\nio.dll
0x00007ffdaaa20000 - 0x00007ffdaaa46000 	C:\Users\kaith\.gradle\native\31\windows-amd64\native-platform.dll
0x00007ffdbdac0000 - 0x00007ffdbdacd000 	C:\Program Files\Android\Android Studio\jre\jre\bin\management.dll
0x00007ffdc43a0000 - 0x00007ffdc43d3000 	C:\WINDOWS\system32\rsaenh.dll
0x00007ffdc61e0000 - 0x00007ffdc6206000 	C:\WINDOWS\System32\bcrypt.dll
0x00007ffdc4f40000 - 0x00007ffdc4f65000 	C:\WINDOWS\SYSTEM32\USERENV.dll
0x00007ffdc49a0000 - 0x00007ffdc49ac000 	C:\WINDOWS\SYSTEM32\CRYPTBASE.dll
0x00007ffdc4540000 - 0x00007ffdc457a000 	C:\WINDOWS\SYSTEM32\IPHLPAPI.DLL
0x00007ffdc7e60000 - 0x00007ffdc7e68000 	C:\WINDOWS\System32\NSI.dll
0x00007ffdbb3a0000 - 0x00007ffdbb3b6000 	C:\WINDOWS\SYSTEM32\dhcpcsvc6.DLL
0x00007ffdbb660000 - 0x00007ffdbb67c000 	C:\WINDOWS\SYSTEM32\dhcpcsvc.DLL
0x00007ffdc4580000 - 0x00007ffdc464b000 	C:\WINDOWS\SYSTEM32\DNSAPI.dll

VM Arguments:
jvm_args: -Xmx2048m -Dfile.encoding=windows-1252 -Duser.country=US -Duser.language=en -Duser.variant 
java_command: org.gradle.launcher.daemon.bootstrap.GradleDaemon 6.1.1
java_class_path (initial): C:\Users\kaith\.gradle\wrapper\dists\gradle-6.1.1-all\cfmwm155h49vnt3hynmlrsdst\gradle-6.1.1\lib\gradle-launcher-6.1.1.jar
Launcher Type: SUN_STANDARD

Environment Variables:
PATH=C:\app\kaith\product\11.2.0\dbhome_6\bin;C:\app\kaith\product\11.2.0\dbhome_5\bin;C:\app\kaith\product\11.2.0\dbhome_4\bin;C:\app\kaith\product\11.2.0\dbhome_3\bin;C:\app\kaith\product\11.2.0\dbhome_2\bin;C:\app\kaith\product\11.2.0\dbhome_1\bin;C:\Program Files (x86)\Intel\iCLS Client\;C:\Program Files\Intel\iCLS Client\;C:\WINDOWS\system32;C:\WINDOWS;C:\WINDOWS\System32\Wbem;C:\WINDOWS\System32\WindowsPowerShell\v1.0\;C:\Program Files (x86)\Intel\Intel(R) Management Engine Components\DAL;C:\Program Files\Intel\Intel(R) Management Engine Components\DAL;C:\Program Files (x86)\Intel\Intel(R) Management Engine Components\IPT;C:\Program Files\Intel\Intel(R) Management Engine Components\IPT;C:\WINDOWS\System32\OpenSSH\;C:\Program Files (x86)\Windows Live\Shared;C:\Program Files\Intel\WiFi\bin\;C:\Program Files\Common Files\Intel\WirelessCommon\;C:\Program Files\MySQL\MySQL Shell 8.0\bin\;C:\Users\kaith\AppData\Local\Programs\Python\Launcher\;C:\Users\kaith\AppData\Local\Microsoft\WindowsApps;C:\Users\kaith\AppData\Local\GitHubDesktop\bin
USERNAME=kaith
OS=Windows_NT
PROCESSOR_IDENTIFIER=Intel64 Family 6 Model 142 Stepping 10, GenuineIntel



---------------  S Y S T E M  ---------------

OS: Windows 10.0 , 64 bit Build 18362 (10.0.18362.1082)

CPU:total 8 (initial active 8) (4 cores per cpu, 2 threads per core) family 6 model 142 stepping 10, cmov, cx8, fxsr, mmx, sse, sse2, sse3, ssse3, sse4.1, sse4.2, popcnt, avx, avx2, aes, clmul, erms, 3dnowpref, lzcnt, ht, tsc, tscinvbit, bmi1, bmi2, adx

Memory: 4k page, physical 8229328k(359252k free), swap 12374480k(5420k free)

vm_info: OpenJDK 64-Bit Server VM (25.242-b01) for windows-amd64 JRE (1.8.0_242-release-1644-b01), built by "builder" with MS VC++ 10.0 (VS2010)

time: Sun Sep 13 01:22:34 2020
timezone: India Standard Time
elapsed time: 22 seconds (0d 0h 0m 22s)

